
□検索条件  "metaFrame"
検索対象   *.*
フォルダ   \\adsys-fs4\fsplaza\ＡＰＭ３チーム\■TCCFSV\●クレジット支援サーバ）モジュール管理\支援システム最新版\
    (サブフォルダも検索)
    (英大文字小文字を区別しない)
    (文字コードセットの自動判別)
    (一致した行を出力)


\\adsys-fs4\fsplaza\ＡＰＭ３チーム\■TCCFSV\●クレジット支援サーバ）モジュール管理\支援システム最新版\QAP\QAPV\QAPV_CENT510\QAPV_CENT510.frm(1122,28)  [SJIS]:     'QHEV_ACTX050 DLL 呼出 MetaFrameユーザ情報取得
\\adsys-fs4\fsplaza\ＡＰＭ３チーム\■TCCFSV\●クレジット支援サーバ）モジュール管理\支援システム最新版\QBA\QBAV\QBAV_Actx005 ｲﾒｰｼﾞｺﾝﾄﾛｰﾙ\QBAV_Actx00501.ctl(479,2)  [SJIS]: 'MetaFrame化に伴い、UNIX上のファイル参照にsambaを使用する。
\\adsys-fs4\fsplaza\ＡＰＭ３チーム\■TCCFSV\●クレジット支援サーバ）モジュール管理\支援システム最新版\QBF\QBFV\QBFV_Common\mdlRSH.bas(574,28)  [SJIS]:     'QHEV_ACTX050 DLL 呼出 MetaFrameユーザ情報取得
\\adsys-fs4\fsplaza\ＡＰＭ３チーム\■TCCFSV\●クレジット支援サーバ）モジュール管理\支援システム最新版\QBF\QBFV\QBFV_Common\MDLSTARTUP.BAS(180,26)  [SJIS]:     Call subGetUserInfo 'MetaFrame用ユーザ情報取得【Win2000対応】Add by Yokoyama@NBC 2005/02/09
\\adsys-fs4\fsplaza\ＡＰＭ３チーム\■TCCFSV\●クレジット支援サーバ）モジュール管理\支援システム最新版\QBF\QBFV\QBFV_Common\MDLSTARTUP1.BAS(189,26)  [SJIS]:     Call subGetUserInfo 'MetaFrame用ユーザ情報取得【Win2000対応】Add by Yokoyama@NBC 2005/02/09
\\adsys-fs4\fsplaza\ＡＰＭ３チーム\■TCCFSV\●クレジット支援サーバ）モジュール管理\支援システム最新版\QHE\QHEV\QHEV_ActX010\QHEV_ActX011.frm(999,32)  [SJIS]:         'QHEV_ACTX050 DLL 呼出 MetaFrameユーザ情報取得
\\adsys-fs4\fsplaza\ＡＰＭ３チーム\■TCCFSV\●クレジット支援サーバ）モジュール管理\支援システム最新版\QHE\QHEV\QHEV_ActX011\QHEV_ActX0111.frm(997,32)  [SJIS]:         'QHEV_ACTX050 DLL 呼出 MetaFrameユーザ情報取得
\\adsys-fs4\fsplaza\ＡＰＭ３チーム\■TCCFSV\●クレジット支援サーバ）モジュール管理\支援システム最新版\QHE\QHEV\QHEV_ActX050\QHEV_ActX050.vbp(23,11)  [SJIS]: CondComp="metaFrame = -1"
\\adsys-fs4\fsplaza\ＡＰＭ３チーム\■TCCFSV\●クレジット支援サーバ）モジュール管理\支援システム最新版\QHE\QHEV\QHEV_ActX050\QHEV_ActX050C.cls(19,14)  [SJIS]: '　機能概要：MetaFrameサーバに接続したクライアントユーザ情報を取得する
\\adsys-fs4\fsplaza\ＡＰＭ３チーム\■TCCFSV\●クレジット支援サーバ）モジュール管理\支援システム最新版\QHE\QHEV\QHEV_ActX050\QHEV_ActX050C.cls(34,5)  [SJIS]: #If metaFrame Then
\\adsys-fs4\fsplaza\ＡＰＭ３チーム\■TCCFSV\●クレジット支援サーバ）モジュール管理\支援システム最新版\QHE\QHEV\QHEV_ActX050\呼び出し.txt(7,28)  [SJIS]:     'QHEV_ACTX050 DLL 呼出 MetaFrameユーザ情報取得
\\adsys-fs4\fsplaza\ＡＰＭ３チーム\■TCCFSV\●クレジット支援サーバ）モジュール管理\支援システム最新版\QHE\QHEV\QHEV_CEnt020\QHEV_CENT020.bas(636,28)  [SJIS]:     'QHEV_ACTX050 DLL 呼出 MetaFrameユーザ情報取得
\\adsys-fs4\fsplaza\ＡＰＭ３チーム\■TCCFSV\●クレジット支援サーバ）モジュール管理\支援システム最新版\QHE\QHEV\QHEV_CEnt030\QHEV_CENT030.frm(1277,32)  [SJIS]:         'QHEV_ACTX050 DLL 呼出 MetaFrameユーザ情報取得
\\adsys-fs4\fsplaza\ＡＰＭ３チーム\■TCCFSV\●クレジット支援サーバ）モジュール管理\支援システム最新版\QPA\QPAV\QPAV_CEnt010\QPAV_CEnt010.vbp(32,11)  [SJIS]: CondComp="metaFrame = 0"
\\adsys-fs4\fsplaza\ＡＰＭ３チーム\■TCCFSV\●クレジット支援サーバ）モジュール管理\支援システム最新版\QPA\QPAV\QPAV_CEnt020\QPAV_CEnt020.vbp(34,11)  [SJIS]: CondComp="metaFrame = -1"
\\adsys-fs4\fsplaza\ＡＰＭ３チーム\■TCCFSV\●クレジット支援サーバ）モジュール管理\支援システム最新版\QPA\QPAV\QPAV_CEnt040\QPAV_CEnt040.vbp(31,11)  [SJIS]: CondComp="metaFrame = -1"
\\adsys-fs4\fsplaza\ＡＰＭ３チーム\■TCCFSV\●クレジット支援サーバ）モジュール管理\支援システム最新版\QPA\QPAV\QPAV_CEnt050\QPAV_CEnt050.vbp(31,11)  [SJIS]: CondComp="metaFrame = -1"
\\adsys-fs4\fsplaza\ＡＰＭ３チーム\■TCCFSV\●クレジット支援サーバ）モジュール管理\支援システム最新版\QPA\QPAV\QPAV_CEnt060\QPAV_CEnt060.vbp(32,11)  [SJIS]: CondComp="metaFrame = -1"
\\adsys-fs4\fsplaza\ＡＰＭ３チーム\■TCCFSV\●クレジット支援サーバ）モジュール管理\支援システム最新版\QPA\QPAV\QPAV_CEnt070\QPAV_CEnt070.vbp(29,11)  [SJIS]: CondComp="metaFrame = -1"
\\adsys-fs4\fsplaza\ＡＰＭ３チーム\■TCCFSV\●クレジット支援サーバ）モジュール管理\支援システム最新版\QPA\QPAV\QPAV_CEnt080\QPAV_CEnt080.vbp(31,11)  [SJIS]: CondComp="metaFrame = 0"
\\adsys-fs4\fsplaza\ＡＰＭ３チーム\■TCCFSV\●クレジット支援サーバ）モジュール管理\支援システム最新版\QPA\QPAV\QPAV_CEnt090\QPAV_CEnt090.vbp(34,11)  [SJIS]: CondComp="metaFrame = -1"
\\adsys-fs4\fsplaza\ＡＰＭ３チーム\■TCCFSV\●クレジット支援サーバ）モジュール管理\支援システム最新版\QPA\QPAV\QPAV_CEnt100\QPAV_CEnt100.vbp(33,11)  [SJIS]: CondComp="metaFrame = 0"
\\adsys-fs4\fsplaza\ＡＰＭ３チーム\■TCCFSV\●クレジット支援サーバ）モジュール管理\支援システム最新版\QPA\QPAV\QPAV_CEnt120\QPAV_CEnt120.vbp(27,11)  [SJIS]: CondComp="metaFrame = -1"
\\adsys-fs4\fsplaza\ＡＰＭ３チーム\■TCCFSV\●クレジット支援サーバ）モジュール管理\支援システム最新版\QPA\QPAV\QPAV_CEnt130\QPAV_CEnt130.vbp(32,11)  [SJIS]: CondComp="metaFrame = -1"
\\adsys-fs4\fsplaza\ＡＰＭ３チーム\■TCCFSV\●クレジット支援サーバ）モジュール管理\支援システム最新版\QPA\QPAV\QPAV_CEnt150\QPAV_CEnt150.vbp(29,11)  [SJIS]: CondComp="metaFrame = -1"
\\adsys-fs4\fsplaza\ＡＰＭ３チーム\■TCCFSV\●クレジット支援サーバ）モジュール管理\支援システム最新版\QPA\QPAV\QPAV_CEnt160\QPAV_CEnt160.vbp(32,11)  [SJIS]: CondComp="metaFrame = -1"
\\adsys-fs4\fsplaza\ＡＰＭ３チーム\■TCCFSV\●クレジット支援サーバ）モジュール管理\支援システム最新版\QPA\QPAV\QPAV_CEnt170\QPAV_CEnt170.vbp(29,11)  [SJIS]: CondComp="metaFrame = -1"
\\adsys-fs4\fsplaza\ＡＰＭ３チーム\■TCCFSV\●クレジット支援サーバ）モジュール管理\支援システム最新版\QPA\QPAV\QPAV_CEnt180\QPAV_CEnt180.vbp(30,11)  [SJIS]: CondComp="metaFrame = -1"
\\adsys-fs4\fsplaza\ＡＰＭ３チーム\■TCCFSV\●クレジット支援サーバ）モジュール管理\支援システム最新版\QPA\QPAV\QPAV_CEnt190\QPAV_CEnt190.vbp(30,11)  [SJIS]: CondComp="metaFrame = -1"
\\adsys-fs4\fsplaza\ＡＰＭ３チーム\■TCCFSV\●クレジット支援サーバ）モジュール管理\支援システム最新版\QPA\QPAV\QPAV_CEnt200\QPAV_CEnt200.vbp(30,11)  [SJIS]: CondComp="metaFrame = -1"
\\adsys-fs4\fsplaza\ＡＰＭ３チーム\■TCCFSV\●クレジット支援サーバ）モジュール管理\支援システム最新版\QPA\QPAV\QPAV_CEnt210\QPAV_CEnt210.vbp(31,11)  [SJIS]: CondComp="metaFrame = -1"
\\adsys-fs4\fsplaza\ＡＰＭ３チーム\■TCCFSV\●クレジット支援サーバ）モジュール管理\支援システム最新版\QPA\QPAV\QPAV_CEnt220\QPAV_CEnt220.vbp(30,11)  [SJIS]: CondComp="metaFrame = -1"
\\adsys-fs4\fsplaza\ＡＰＭ３チーム\■TCCFSV\●クレジット支援サーバ）モジュール管理\支援システム最新版\QPA\QPAV\QPAV_CEnt230\QPAV_CEnt230.vbp(33,11)  [SJIS]: CondComp="metaFrame = -1"
\\adsys-fs4\fsplaza\ＡＰＭ３チーム\■TCCFSV\●クレジット支援サーバ）モジュール管理\支援システム最新版\QPA\QPAV\QPAV_CEnt310\QPAV_CEnt310.vbp(34,11)  [SJIS]: CondComp="metaFrame = -1"
\\adsys-fs4\fsplaza\ＡＰＭ３チーム\■TCCFSV\●クレジット支援サーバ）モジュール管理\支援システム最新版\QPA\QPAV\QPAV_CEnt510\QPAV_CEnt510.vbp(31,11)  [SJIS]: CondComp="metaFrame = -1"
\\adsys-fs4\fsplaza\ＡＰＭ３チーム\■TCCFSV\●クレジット支援サーバ）モジュール管理\支援システム最新版\QPA\QPAV\QPAV_CEnt520\QPAV_CEnt520.vbp(32,11)  [SJIS]: CondComp="metaFrame = -1"
\\adsys-fs4\fsplaza\ＡＰＭ３チーム\■TCCFSV\●クレジット支援サーバ）モジュール管理\支援システム最新版\QPA\QPAV\QPAV_CEnt530\QPAV_CEnt530.vbp(29,11)  [SJIS]: CondComp="metaFrame = -1"
\\adsys-fs4\fsplaza\ＡＰＭ３チーム\■TCCFSV\●クレジット支援サーバ）モジュール管理\支援システム最新版\QSA\QSAV\QSAV_ActX0008\QSAV_ActX0008.vbp(33,11)  [SJIS]: CondComp="metaFrame = -1"
\\adsys-fs4\fsplaza\ＡＰＭ３チーム\■TCCFSV\●クレジット支援サーバ）モジュール管理\支援システム最新版\QSA\QSAV\QSAV_ActX0008\QSAV_ActX000801.frm(1575,5)  [SJIS]: #If metaFrame Then
\\adsys-fs4\fsplaza\ＡＰＭ３チーム\■TCCFSV\●クレジット支援サーバ）モジュール管理\支援システム最新版\QSA\QSAV\QSAV_ActX0008\QSAV_ActX000801.frm(2644,5)  [SJIS]: #If metaFrame Then
\\adsys-fs4\fsplaza\ＡＰＭ３チーム\■TCCFSV\●クレジット支援サーバ）モジュール管理\支援システム最新版\QSA\QSAV\QSAV_ActX0008\QSAV_ActX000801.frm(2655,5)  [SJIS]: #If metaFrame Then
\\adsys-fs4\fsplaza\ＡＰＭ３チーム\■TCCFSV\●クレジット支援サーバ）モジュール管理\支援システム最新版\QSA\QSAV\QSAV_ActX0008\QSAV_ActX000805.frm(1566,5)  [SJIS]: #If metaFrame Then
\\adsys-fs4\fsplaza\ＡＰＭ３チーム\■TCCFSV\●クレジット支援サーバ）モジュール管理\支援システム最新版\QSA\QSAV\QSAV_ActX0008\QSAV_ActX000805.frm(2841,5)  [SJIS]: #If metaFrame Then
\\adsys-fs4\fsplaza\ＡＰＭ３チーム\■TCCFSV\●クレジット支援サーバ）モジュール管理\支援システム最新版\QSA\QSAV\QSAV_ActX0008\QSAV_ActX000805.frm(2852,5)  [SJIS]: #If metaFrame Then
\\adsys-fs4\fsplaza\ＡＰＭ３チーム\■TCCFSV\●クレジット支援サーバ）モジュール管理\支援システム最新版\QSA\QSAV\QSAV_ActX0008\QSAV_ActX0008_20110914.vbp(33,11)  [SJIS]: CondComp="metaFrame = -1"
\\adsys-fs4\fsplaza\ＡＰＭ３チーム\■TCCFSV\●クレジット支援サーバ）モジュール管理\支援システム最新版\QSA\QSAV\QSAV_ActX0013\QSAV_ActX0013.vbp(33,11)  [SJIS]: CondComp="metaFrame = -1"
\\adsys-fs4\fsplaza\ＡＰＭ３チーム\■TCCFSV\●クレジット支援サーバ）モジュール管理\支援システム最新版\QSA\QSAV\QSAV_ActX0013\QSAV_ActX001301.frm(1568,5)  [SJIS]: #If metaFrame Then
\\adsys-fs4\fsplaza\ＡＰＭ３チーム\■TCCFSV\●クレジット支援サーバ）モジュール管理\支援システム最新版\QSA\QSAV\QSAV_ActX0013\QSAV_ActX001301.frm(2531,5)  [SJIS]: #If metaFrame Then
\\adsys-fs4\fsplaza\ＡＰＭ３チーム\■TCCFSV\●クレジット支援サーバ）モジュール管理\支援システム最新版\QSA\QSAV\QSAV_ActX0013\QSAV_ActX001301.frm(2542,5)  [SJIS]: #If metaFrame Then
\\adsys-fs4\fsplaza\ＡＰＭ３チーム\■TCCFSV\●クレジット支援サーバ）モジュール管理\支援システム最新版\QSA\QSAV\QSAV_ActX0013\QSAV_ActX001305.frm(1565,5)  [SJIS]: #If metaFrame Then
\\adsys-fs4\fsplaza\ＡＰＭ３チーム\■TCCFSV\●クレジット支援サーバ）モジュール管理\支援システム最新版\QSA\QSAV\QSAV_ActX0013\QSAV_ActX001305.frm(2842,5)  [SJIS]: #If metaFrame Then
\\adsys-fs4\fsplaza\ＡＰＭ３チーム\■TCCFSV\●クレジット支援サーバ）モジュール管理\支援システム最新版\QSA\QSAV\QSAV_ActX0013\QSAV_ActX001305.frm(2853,5)  [SJIS]: #If metaFrame Then
\\adsys-fs4\fsplaza\ＡＰＭ３チーム\■TCCFSV\●クレジット支援サーバ）モジュール管理\支援システム最新版\QSA\QSAV\QSAV_ActX7001\QSAV_ActX7001.vbp(47,11)  [SJIS]: CondComp="metaFrame = -1"
\\adsys-fs4\fsplaza\ＡＰＭ３チーム\■TCCFSV\●クレジット支援サーバ）モジュール管理\支援システム最新版\QSA\QSAV\QSAV_ActX7001\QSAV_ActX70015.frm(197,5)  [SJIS]: #If metaFrame Then
\\adsys-fs4\fsplaza\ＡＰＭ３チーム\■TCCFSV\●クレジット支援サーバ）モジュール管理\支援システム最新版\QSA\QSAV\QSAV_ActX7001\QSAV_ActX70015.frm(253,5)  [SJIS]: #If metaFrame Then
\\adsys-fs4\fsplaza\ＡＰＭ３チーム\■TCCFSV\●クレジット支援サーバ）モジュール管理\支援システム最新版\QSA\QSAV\QSAV_ActX7001\QSAV_ActX70015.frm(257,28)  [SJIS]:     'QHEV_ACTX050 DLL 呼出 MetaFrameユーザ情報取得
\\adsys-fs4\fsplaza\ＡＰＭ３チーム\■TCCFSV\●クレジット支援サーバ）モジュール管理\支援システム最新版\QSA\QSAV\QSAV_ActX7002\QSAV_ActX7002.vbp(46,11)  [SJIS]: CondComp="metaFrame = -1"
\\adsys-fs4\fsplaza\ＡＰＭ３チーム\■TCCFSV\●クレジット支援サーバ）モジュール管理\支援システム最新版\QSA\QSAV\QSAV_ActX7002\QSAV_ActX70025.frm(201,5)  [SJIS]: #If metaFrame Then
\\adsys-fs4\fsplaza\ＡＰＭ３チーム\■TCCFSV\●クレジット支援サーバ）モジュール管理\支援システム最新版\QSA\QSAV\QSAV_ActX7002\QSAV_ActX70025.frm(257,5)  [SJIS]: #If metaFrame Then
\\adsys-fs4\fsplaza\ＡＰＭ３チーム\■TCCFSV\●クレジット支援サーバ）モジュール管理\支援システム最新版\QSA\QSAV\QSAV_ActX7002\QSAV_ActX70025.frm(261,28)  [SJIS]:     'QHEV_ACTX050 DLL 呼出 MetaFrameユーザ情報取得
\\adsys-fs4\fsplaza\ＡＰＭ３チーム\■TCCFSV\●クレジット支援サーバ）モジュール管理\支援システム最新版\QSA\QSAV\QSAV_ActX8001\QSAV_ActX8001.vbp(45,11)  [SJIS]: CondComp="metaFrame = -1"
\\adsys-fs4\fsplaza\ＡＰＭ３チーム\■TCCFSV\●クレジット支援サーバ）モジュール管理\支援システム最新版\QSA\QSAV\QSAV_ActX8001\QSAV_ActX80015.frm(203,5)  [SJIS]: #If metaFrame Then
\\adsys-fs4\fsplaza\ＡＰＭ３チーム\■TCCFSV\●クレジット支援サーバ）モジュール管理\支援システム最新版\QSA\QSAV\QSAV_ActX8001\QSAV_ActX80015.frm(258,5)  [SJIS]: #If metaFrame Then
\\adsys-fs4\fsplaza\ＡＰＭ３チーム\■TCCFSV\●クレジット支援サーバ）モジュール管理\支援システム最新版\QSA\QSAV\QSAV_ActX8001\QSAV_ActX80015.frm(262,28)  [SJIS]:     'QHEV_ACTX050 DLL 呼出 MetaFrameユーザ情報取得
\\adsys-fs4\fsplaza\ＡＰＭ３チーム\■TCCFSV\●クレジット支援サーバ）モジュール管理\支援システム最新版\QSA\QSAV\QSAV_ActX9008\QSAV_ActX000801.frm(1535,5)  [SJIS]: #If metaFrame Then
\\adsys-fs4\fsplaza\ＡＰＭ３チーム\■TCCFSV\●クレジット支援サーバ）モジュール管理\支援システム最新版\QSA\QSAV\QSAV_ActX9008\QSAV_ActX000801.frm(2295,5)  [SJIS]: #If metaFrame Then
\\adsys-fs4\fsplaza\ＡＰＭ３チーム\■TCCFSV\●クレジット支援サーバ）モジュール管理\支援システム最新版\QSA\QSAV\QSAV_ActX9008\QSAV_ActX000801.frm(2306,5)  [SJIS]: #If metaFrame Then
\\adsys-fs4\fsplaza\ＡＰＭ３チーム\■TCCFSV\●クレジット支援サーバ）モジュール管理\支援システム最新版\QSA\QSAV\QSAV_ActX9008\QSAV_ActX000805.frm(1531,5)  [SJIS]: #If metaFrame Then
\\adsys-fs4\fsplaza\ＡＰＭ３チーム\■TCCFSV\●クレジット支援サーバ）モジュール管理\支援システム最新版\QSA\QSAV\QSAV_ActX9008\QSAV_ActX000805.frm(2501,5)  [SJIS]: #If metaFrame Then
\\adsys-fs4\fsplaza\ＡＰＭ３チーム\■TCCFSV\●クレジット支援サーバ）モジュール管理\支援システム最新版\QSA\QSAV\QSAV_ActX9008\QSAV_ActX000805.frm(2512,5)  [SJIS]: #If metaFrame Then
\\adsys-fs4\fsplaza\ＡＰＭ３チーム\■TCCFSV\●クレジット支援サーバ）モジュール管理\支援システム最新版\QSA\QSAV\QSAV_ActX9008\QSAV_ActX9008.vbp(30,11)  [SJIS]: CondComp="metaFrame = -1 : debugmode = 0"
\\adsys-fs4\fsplaza\ＡＰＭ３チーム\■TCCFSV\●クレジット支援サーバ）モジュール管理\支援システム最新版\QSA\QSAV\QSAV_CEnt100\QSAV_Cent100.VBP(26,11)  [SJIS]: CondComp="metaFrame = -1"
\\adsys-fs4\fsplaza\ＡＰＭ３チーム\■TCCFSV\●クレジット支援サーバ）モジュール管理\支援システム最新版\QSA\QSAV\QSAV_CEnt100\QSAV_CEnt100M.bas(44,5)  [SJIS]: #If metaFrame Then                                                                  'ADD 04.03.02 by yokoyama >> Win2000移行 <<
\\adsys-fs4\fsplaza\ＡＰＭ３チーム\■TCCFSV\●クレジット支援サーバ）モジュール管理\支援システム最新版\QUA\QUAV\QUAV_CMENU00（ﾓｼﾞｭｰﾙ取込なし版）\frmTopMenu.frm(342,5)  [SJIS]: #If metaFrame Then
\\adsys-fs4\fsplaza\ＡＰＭ３チーム\■TCCFSV\●クレジット支援サーバ）モジュール管理\支援システム最新版\QUA\QUAV\QUAV_CMENU00（ﾓｼﾞｭｰﾙ取込なし版）\mdMenuCntl.bas(519,13)  [SJIS]: '-- 注意 -- MetaFrame Server で実行すること -------------------------------------------------------
\\adsys-fs4\fsplaza\ＡＰＭ３チーム\■TCCFSV\●クレジット支援サーバ）モジュール管理\支援システム最新版\QUA\QUAV\QUAV_CMENU00（ﾓｼﾞｭｰﾙ取込なし版）\mdMenuCntl.bas(520,5)  [SJIS]: #If metaFrame Then
\\adsys-fs4\fsplaza\ＡＰＭ３チーム\■TCCFSV\●クレジット支援サーバ）モジュール管理\支援システム最新版\QUA\QUAV\QUAV_CMENU00（ﾓｼﾞｭｰﾙ取込なし版）\QUAV_CMENU00.vbp(32,11)  [SJIS]: CondComp="metaFrame = -1"
\\adsys-fs4\fsplaza\ＡＰＭ３チーム\■TCCFSV\●クレジット支援サーバ）モジュール管理\支援システム最新版\QUA\QUAV\QUAV_CMENU01\frmTopMenu.frm(350,5)  [SJIS]: #If metaFrame Then
\\adsys-fs4\fsplaza\ＡＰＭ３チーム\■TCCFSV\●クレジット支援サーバ）モジュール管理\支援システム最新版\QUA\QUAV\QUAV_CMENU01\mdMenuCntl.bas(515,13)  [SJIS]: '-- 注意 -- MetaFrame Server で実行すること -------------------------------------------------------
\\adsys-fs4\fsplaza\ＡＰＭ３チーム\■TCCFSV\●クレジット支援サーバ）モジュール管理\支援システム最新版\QUA\QUAV\QUAV_CMENU01\mdMenuCntl.bas(516,5)  [SJIS]: #If metaFrame Then
\\adsys-fs4\fsplaza\ＡＰＭ３チーム\■TCCFSV\●クレジット支援サーバ）モジュール管理\支援システム最新版\QUA\QUAV\QUAV_CMENU01\QUAV_CMENU01.vbp(32,11)  [SJIS]: CondComp="metaFrame = -1"
\\adsys-fs4\fsplaza\ＡＰＭ３チーム\■TCCFSV\●クレジット支援サーバ）モジュール管理\支援システム最新版\QUA\QUAV\QUAV_CMENU04\frmTopMenu1.frm(349,5)  [SJIS]: #If metaFrame Then
\\adsys-fs4\fsplaza\ＡＰＭ３チーム\■TCCFSV\●クレジット支援サーバ）モジュール管理\支援システム最新版\QUA\QUAV\QUAV_CMENU04\mdMenuCntl1.bas(512,13)  [SJIS]: '-- 注意 -- MetaFrame Server で実行すること -------------------------------------------------------
\\adsys-fs4\fsplaza\ＡＰＭ３チーム\■TCCFSV\●クレジット支援サーバ）モジュール管理\支援システム最新版\QUA\QUAV\QUAV_CMENU04\mdMenuCntl1.bas(513,5)  [SJIS]: #If metaFrame Then
\\adsys-fs4\fsplaza\ＡＰＭ３チーム\■TCCFSV\●クレジット支援サーバ）モジュール管理\支援システム最新版\QUA\QUAV\QUAV_CMENU04\QUAV_CMENU04.vbp(32,11)  [SJIS]: CondComp="metaFrame = -1"
\\adsys-fs4\fsplaza\ＡＰＭ３チーム\■TCCFSV\●クレジット支援サーバ）モジュール管理\支援システム最新版\QUA\QUAV\コピー 〜 QUAV_CMENU04\frmTopMenu1.frm(349,5)  [SJIS]: #If metaFrame Then
\\adsys-fs4\fsplaza\ＡＰＭ３チーム\■TCCFSV\●クレジット支援サーバ）モジュール管理\支援システム最新版\QUA\QUAV\コピー 〜 QUAV_CMENU04\mdMenuCntl1.bas(512,13)  [SJIS]: '-- 注意 -- MetaFrame Server で実行すること -------------------------------------------------------
\\adsys-fs4\fsplaza\ＡＰＭ３チーム\■TCCFSV\●クレジット支援サーバ）モジュール管理\支援システム最新版\QUA\QUAV\コピー 〜 QUAV_CMENU04\mdMenuCntl1.bas(513,5)  [SJIS]: #If metaFrame Then
\\adsys-fs4\fsplaza\ＡＰＭ３チーム\■TCCFSV\●クレジット支援サーバ）モジュール管理\支援システム最新版\QUA\QUAV\コピー 〜 QUAV_CMENU04\QUAV_CMENU04.vbp(33,11)  [SJIS]: CondComp="metaFrame = -1"
\\adsys-fs4\fsplaza\ＡＰＭ３チーム\■TCCFSV\●クレジット支援サーバ）モジュール管理\支援システム最新版\QXA\QXAV\QXAV_ActX003\QXAV_ActX003.vbp(40,11)  [SJIS]: CondComp="metaFrame = -1"
\\adsys-fs4\fsplaza\ＡＰＭ３チーム\■TCCFSV\●クレジット支援サーバ）モジュール管理\支援システム最新版\QXA\QXAV\QXAV_ActX003\QXAV_ActX00305.frm(229,5)  [SJIS]: #If metaFrame Then
\\adsys-fs4\fsplaza\ＡＰＭ３チーム\■TCCFSV\●クレジット支援サーバ）モジュール管理\支援システム最新版\QXA\QXAV\QXAV_ActX003\QXAV_ActX00305.frm(237,28)  [SJIS]:     'QHEV_ACTX050 DLL 呼出 MetaFrameユーザ情報取得
\\adsys-fs4\fsplaza\ＡＰＭ３チーム\■TCCFSV\●クレジット支援サーバ）モジュール管理\支援システム最新版\QXA\QXAV\QXAV_CEnt011\QXAV_CEnt011.vbp(24,11)  [SJIS]: CondComp="metaFrame = -1"
\\adsys-fs4\fsplaza\ＡＰＭ３チーム\■TCCFSV\●クレジット支援サーバ）モジュール管理\支援システム最新版\QXA\QXAV\QXAV_CEnt011\QXAV_CEnt011main.bas(96,5)  [SJIS]: #If metaFrame Then
\\adsys-fs4\fsplaza\ＡＰＭ３チーム\■TCCFSV\●クレジット支援サーバ）モジュール管理\支援システム最新版\QXA\QXAV\QXAV_CEnt060\QXAV_CEnt060.vbp(30,27)  [SJIS]: CondComp="DEBUGMODE = 0 : metaFrame = -1"
\\adsys-fs4\fsplaza\ＡＰＭ３チーム\■TCCFSV\●クレジット支援サーバ）モジュール管理\支援システム最新版\QXA\QXAV\QXAV_CEnt060\QXAV_CEnt06001.frm(648,5)  [SJIS]: #If metaFrame Then
\\adsys-fs4\fsplaza\ＡＰＭ３チーム\■TCCFSV\●クレジット支援サーバ）モジュール管理\支援システム最新版\QXA\QXAV\QXAV_CEnt060\QXAV_CEnt06001.frm(656,28)  [SJIS]:     'QHEV_ACTX050 DLL 呼出 MetaFrameユーザ情報取得
\\adsys-fs4\fsplaza\ＡＰＭ３チーム\■TCCFSV\●クレジット支援サーバ）モジュール管理\支援システム最新版\QXA\QXAV\QXAV_CEnt060\QXAV_CEnt060R.vbp(30,27)  [SJIS]: CondComp="DEBUGMODE = 0 : metaFrame = -1"
\\adsys-fs4\fsplaza\ＡＰＭ３チーム\■TCCFSV\●クレジット支援サーバ）モジュール管理\支援システム最新版\QXA\QXAV\QXAV_CEnt061\QXAV_CEnt061.vbp(31,27)  [SJIS]: CondComp="DEBUGMODE = 0 : metaFrame = -1"
\\adsys-fs4\fsplaza\ＡＰＭ３チーム\■TCCFSV\●クレジット支援サーバ）モジュール管理\支援システム最新版\QXA\QXAV\QXAV_CEnt061\QXAV_CEnt06102.bas(59,5)  [SJIS]: #If metaFrame Then
\\adsys-fs4\fsplaza\ＡＰＭ３チーム\■TCCFSV\●クレジット支援サーバ）モジュール管理\支援システム最新版\QXA\QXAV\QXAV_CEnt061\QXAV_CEnt061R.vbp(31,27)  [SJIS]: CondComp="DEBUGMODE = 0 : metaFrame = -1"
\\adsys-fs4\fsplaza\ＡＰＭ３チーム\■TCCFSV\●クレジット支援サーバ）モジュール管理\支援システム最新版\QXN\QXNV\QXNV_ActX020\QXNV_ActX020.bas(77,5)  [SJIS]: #If metaFrame Then
\\adsys-fs4\fsplaza\ＡＰＭ３チーム\■TCCFSV\●クレジット支援サーバ）モジュール管理\支援システム最新版\QXN\QXNV\QXNV_ActX020\QXNV_ActX020.cls(29,5)  [SJIS]: #If metaFrame Then                                                        '【Win2000対応】Add by Yokoyama@NBC 2004/03/29
\\adsys-fs4\fsplaza\ＡＰＭ３チーム\■TCCFSV\●クレジット支援サーバ）モジュール管理\支援システム最新版\QXN\QXNV\QXNV_ActX020\QXNV_ActX020.cls(87,5)  [SJIS]: #If metaFrame Then
\\adsys-fs4\fsplaza\ＡＰＭ３チーム\■TCCFSV\●クレジット支援サーバ）モジュール管理\支援システム最新版\QXN\QXNV\QXNV_ActX020\QXNV_ActX020.vbp(29,11)  [SJIS]: CondComp="metaFrame = -1"
\\adsys-fs4\fsplaza\ＡＰＭ３チーム\■TCCFSV\●クレジット支援サーバ）モジュール管理\支援システム最新版\QXN\QXNV\QXNV_CEnt010\QXNV_CEnt010.vbp(35,11)  [SJIS]: CondComp="metaFrame = -1"
\\adsys-fs4\fsplaza\ＡＰＭ３チーム\■TCCFSV\●クレジット支援サーバ）モジュール管理\支援システム最新版\QXN\QXNV\QXNV_CEnt020\QXNV_CEnt020.frm(1114,5)  [SJIS]: #If metaFrame Then
\\adsys-fs4\fsplaza\ＡＰＭ３チーム\■TCCFSV\●クレジット支援サーバ）モジュール管理\支援システム最新版\QXN\QXNV\QXNV_CEnt020\QXNV_CEnt020.frm(1563,5)  [SJIS]: #If metaFrame Then
\\adsys-fs4\fsplaza\ＡＰＭ３チーム\■TCCFSV\●クレジット支援サーバ）モジュール管理\支援システム最新版\QXN\QXNV\QXNV_CEnt020\QXNV_CEnt020.vbp(33,11)  [SJIS]: CondComp="metaFrame = -1"
\\adsys-fs4\fsplaza\ＡＰＭ３チーム\■TCCFSV\●クレジット支援サーバ）モジュール管理\支援システム最新版\QXN\QXNV\QXNV_CEnt030\Qxnv_CEnt030.vbp(39,11)  [SJIS]: CondComp="metaFrame = -1"
\\adsys-fs4\fsplaza\ＡＰＭ３チーム\■TCCFSV\●クレジット支援サーバ）モジュール管理\支援システム最新版\QXN\QXNV\QXNV_CEnt040\QXNV_CEnt040.frm(1107,5)  [SJIS]: #If metaFrame Then
\\adsys-fs4\fsplaza\ＡＰＭ３チーム\■TCCFSV\●クレジット支援サーバ）モジュール管理\支援システム最新版\QXN\QXNV\QXNV_CEnt040\QXNV_CEnt040.frm(2172,5)  [SJIS]: #If metaFrame Then
\\adsys-fs4\fsplaza\ＡＰＭ３チーム\■TCCFSV\●クレジット支援サーバ）モジュール管理\支援システム最新版\QXN\QXNV\QXNV_CEnt040\QXNV_CEnt040.VBP(37,11)  [SJIS]: CondComp="metaFrame = -1"
\\adsys-fs4\fsplaza\ＡＰＭ３チーム\■TCCFSV\●クレジット支援サーバ）モジュール管理\支援システム最新版\QXN\QXNV\QXNV_CEnt050\QXNV_CEnt050.frm(1661,5)  [SJIS]: #If metaFrame Then
\\adsys-fs4\fsplaza\ＡＰＭ３チーム\■TCCFSV\●クレジット支援サーバ）モジュール管理\支援システム最新版\QXN\QXNV\QXNV_CEnt050\QXNV_CEnt050.vbp(29,11)  [SJIS]: CondComp="metaFrame = -1"
\\adsys-fs4\fsplaza\ＡＰＭ３チーム\■TCCFSV\●クレジット支援サーバ）モジュール管理\支援システム最新版\QXN\QXNV\QXNV_CEnt050\QXNV_CEnt050M.bas(14,5)  [SJIS]: #If metaFrame Then                                                                  '【Win2000対応】Add by Yokoyama@NBC 2004/03/30
\\adsys-fs4\fsplaza\ＡＰＭ３チーム\■TCCFSV\●クレジット支援サーバ）モジュール管理\支援システム最新版\QXN\QXNV\QXNV_CEnt060\Qxnv_CEnt060.vbp(39,11)  [SJIS]: CondComp="metaFrame = -1"
\\adsys-fs4\fsplaza\ＡＰＭ３チーム\■TCCFSV\●クレジット支援サーバ）モジュール管理\支援システム最新版\QXN\QXNV\QXNV_CEnt070\QXNV_CEnt070.frm(3489,5)  [SJIS]: #If metaFrame Then
\\adsys-fs4\fsplaza\ＡＰＭ３チーム\■TCCFSV\●クレジット支援サーバ）モジュール管理\支援システム最新版\QXN\QXNV\QXNV_CEnt070\QXNV_CEnt070.vbp(34,11)  [SJIS]: CondComp="metaFrame = -1"
\\adsys-fs4\fsplaza\ＡＰＭ３チーム\■TCCFSV\●クレジット支援サーバ）モジュール管理\支援システム最新版\QXN\QXNV\QXNV_CEnt070\QXNV_CEnt070M.bas(22,5)  [SJIS]: #If metaFrame Then                                                                  '【Win2000対応】Add by Yokoyama@NBC 2004/03/30
\\adsys-fs4\fsplaza\ＡＰＭ３チーム\■TCCFSV\●クレジット支援サーバ）モジュール管理\支援システム最新版\QXN\QXNV\QXNV_CEnt080\Qxnv_CEnt080.vbp(39,11)  [SJIS]: CondComp="metaFrame = -1"
\\adsys-fs4\fsplaza\ＡＰＭ３チーム\■TCCFSV\●クレジット支援サーバ）モジュール管理\支援システム最新版\QXN\QXNV\QXNV_CEnt090\QXNV_CEnt090.frm(3035,5)  [SJIS]: #If metaFrame Then
\\adsys-fs4\fsplaza\ＡＰＭ３チーム\■TCCFSV\●クレジット支援サーバ）モジュール管理\支援システム最新版\QXN\QXNV\QXNV_CEnt090\QXNV_CEnt090.vbp(34,11)  [SJIS]: CondComp="metaFrame = -1"
\\adsys-fs4\fsplaza\ＡＰＭ３チーム\■TCCFSV\●クレジット支援サーバ）モジュール管理\支援システム最新版\QXN\QXNV\QXNV_CEnt090\QXNV_CEnt090M.bas(16,5)  [SJIS]: #If metaFrame Then                                                                      '【Win2000対応】Add by Yokoyama@NBC 2004/03/30
\\adsys-fs4\fsplaza\ＡＰＭ３チーム\■TCCFSV\●クレジット支援サーバ）モジュール管理\支援システム最新版\QXN\QXNV\QXNV_CEnt100\QXNV_CEnt100.frm(3654,5)  [SJIS]: #If metaFrame Then
\\adsys-fs4\fsplaza\ＡＰＭ３チーム\■TCCFSV\●クレジット支援サーバ）モジュール管理\支援システム最新版\QXN\QXNV\QXNV_CEnt100\QXNV_CEnt100.frm(4218,5)  [SJIS]: #If metaFrame Then                                                                          '【Win2000対応】Add by Yokoyama@NBC 2004/03/30
\\adsys-fs4\fsplaza\ＡＰＭ３チーム\■TCCFSV\●クレジット支援サーバ）モジュール管理\支援システム最新版\QXN\QXNV\QXNV_CEnt100\QXNV_CEnt100.vbp(32,11)  [SJIS]: CondComp="metaFrame = -1"
\\adsys-fs4\fsplaza\ＡＰＭ３チーム\■TCCFSV\●クレジット支援サーバ）モジュール管理\支援システム最新版\QXN\QXNV\QXNV_CEnt110\QXNV_CEnt110.vbp(27,11)  [SJIS]: CondComp="metaFrame = -1"
\\adsys-fs4\fsplaza\ＡＰＭ３チーム\■TCCFSV\●クレジット支援サーバ）モジュール管理\支援システム最新版\QXN\QXNV\QXNV_CEnt120\QXNV_CEnt120.vbp(30,11)  [SJIS]: CondComp="metaFrame = -1"
\\adsys-fs4\fsplaza\ＡＰＭ３チーム\■TCCFSV\●クレジット支援サーバ）モジュール管理\支援システム最新版\QXN\QXNV\QXNV_CEnt130\QXNV_CEnt130.vbp(28,11)  [SJIS]: CondComp="metaFrame = -1"
\\adsys-fs4\fsplaza\ＡＰＭ３チーム\■TCCFSV\●クレジット支援サーバ）モジュール管理\支援システム最新版\QXN\QXNV\QXNV_CEnt140\QXNV_CEnt140.vbp(34,11)  [SJIS]: CondComp="metaFrame = 0"
\\adsys-fs4\fsplaza\ＡＰＭ３チーム\■TCCFSV\●クレジット支援サーバ）モジュール管理\支援システム最新版\QXN\QXNV\QXNV_CEnt150\QXNV_CEnt150.vbp(34,11)  [SJIS]: CondComp="metaFrame = -1"
\\adsys-fs4\fsplaza\ＡＰＭ３チーム\■TCCFSV\●クレジット支援サーバ）モジュール管理\支援システム最新版\QXN\QXNV\QXNV_CEnt160\QXNV_CEnt160.vbp(39,11)  [SJIS]: CondComp="metaFrame = -1"
\\adsys-fs4\fsplaza\ＡＰＭ３チーム\■TCCFSV\●クレジット支援サーバ）モジュール管理\支援システム最新版\QXN\QXNV\QXNV_CEnt170\QXNV_CEnt170.frm(1579,5)  [SJIS]: #If metaFrame Then
\\adsys-fs4\fsplaza\ＡＰＭ３チーム\■TCCFSV\●クレジット支援サーバ）モジュール管理\支援システム最新版\QXN\QXNV\QXNV_CEnt170\QXNV_CEnt170.vbp(31,11)  [SJIS]: CondComp="metaFrame = -1"
\\adsys-fs4\fsplaza\ＡＰＭ３チーム\■TCCFSV\●クレジット支援サーバ）モジュール管理\支援システム最新版\QXN\QXNV\QXNV_CEnt180\QXNV_CEnt180.vbp(27,11)  [SJIS]: CondComp="metaFrame = -1"
\\adsys-fs4\fsplaza\ＡＰＭ３チーム\■TCCFSV\●クレジット支援サーバ）モジュール管理\支援システム最新版\QXN\QXNV\QXNV_CEnt190\QXNV_CEnt190.vbp(29,11)  [SJIS]: CondComp="metaFrame = -1"
\\adsys-fs4\fsplaza\ＡＰＭ３チーム\■TCCFSV\●クレジット支援サーバ）モジュール管理\支援システム最新版\QXP\QXPV\QXPV_ActX010\QXPV_ActX010.cls(238,5)  [SJIS]: #If metaFrame Then
\\adsys-fs4\fsplaza\ＡＰＭ３チーム\■TCCFSV\●クレジット支援サーバ）モジュール管理\支援システム最新版\QXP\QXPV\QXPV_ActX010\QXPV_ActX010.vbp(31,11)  [SJIS]: CondComp="metaFrame = 1"
\\adsys-fs4\fsplaza\ＡＰＭ３チーム\■TCCFSV\●クレジット支援サーバ）モジュール管理\支援システム最新版\QXP\QXPV\QXPV_ActX010\QXPV_ActX010B.bas(18,5)  [SJIS]: #If metaFrame Then '''''''''''''''''''''''''''''''''''''''''''''''''''''''''''''''''''''''''''''↓↓↓↓【Win2000対応】
\\adsys-fs4\fsplaza\ＡＰＭ３チーム\■TCCFSV\●クレジット支援サーバ）モジュール管理\支援システム最新版\QYA\QYAV\QYAV_ActX010\QYAV_ActX010.cls(28,5)  [SJIS]: #If metaFrame Then
\\adsys-fs4\fsplaza\ＡＰＭ３チーム\■TCCFSV\●クレジット支援サーバ）モジュール管理\支援システム最新版\QYA\QYAV\QYAV_ActX010\QYAV_ActX010.cls(253,5)  [SJIS]: #If metaFrame Then
\\adsys-fs4\fsplaza\ＡＰＭ３チーム\■TCCFSV\●クレジット支援サーバ）モジュール管理\支援システム最新版\QYA\QYAV\QYAV_ActX010\QYAV_ActX010.vbp(29,11)  [SJIS]: CondComp="metaFrame = -1"
\\adsys-fs4\fsplaza\ＡＰＭ３チーム\■TCCFSV\●クレジット支援サーバ）モジュール管理\支援システム最新版\QYA\QYAV\QYAV_ActX020\QYAV_ActX020.cls(27,5)  [SJIS]: #If metaFrame Then
\\adsys-fs4\fsplaza\ＡＰＭ３チーム\■TCCFSV\●クレジット支援サーバ）モジュール管理\支援システム最新版\QYA\QYAV\QYAV_ActX020\QYAV_ActX020.cls(235,5)  [SJIS]: #If metaFrame Then
\\adsys-fs4\fsplaza\ＡＰＭ３チーム\■TCCFSV\●クレジット支援サーバ）モジュール管理\支援システム最新版\QYA\QYAV\QYAV_ActX020\QYAV_ActX020.vbp(29,11)  [SJIS]: CondComp="metaFrame = -1"
\\adsys-fs4\fsplaza\ＡＰＭ３チーム\■TCCFSV\●クレジット支援サーバ）モジュール管理\支援システム最新版\QYA\QYAV\QYAV_ActX030\QYAV_ActX030.vbp(36,11)  [SJIS]: CondComp="metaFrame = -1"
\\adsys-fs4\fsplaza\ＡＰＭ３チーム\■TCCFSV\●クレジット支援サーバ）モジュール管理\支援システム最新版\QYA\QYAV\QYAV_CEnt010\QYAV_CENT010.vbp(32,11)  [SJIS]: CondComp="metaFrame = -1"
\\adsys-fs4\fsplaza\ＡＰＭ３チーム\■TCCFSV\●クレジット支援サーバ）モジュール管理\支援システム最新版\QYA\QYAV\QYAV_CEnt020\QYAV_CEnt020.vbp(33,11)  [SJIS]: CondComp="metaFrame = -1"
\\adsys-fs4\fsplaza\ＡＰＭ３チーム\■TCCFSV\●クレジット支援サーバ）モジュール管理\支援システム最新版\QYA\QYAV\QYAV_CEnt030\QYAV_CENT030.vbp(31,11)  [SJIS]: CondComp="metaFrame = -1"
\\adsys-fs4\fsplaza\ＡＰＭ３チーム\■TCCFSV\●クレジット支援サーバ）モジュール管理\支援システム最新版\QYA\QYAV\QYAV_CEnt040\QYAV_CEnt040.vbp(31,11)  [SJIS]: CondComp="metaFrame = -1"
\\adsys-fs4\fsplaza\ＡＰＭ３チーム\■TCCFSV\●クレジット支援サーバ）モジュール管理\支援システム最新版\QYA\QYAV\QYAV_CEnt050\QYAV_CENT050.VBP(28,11)  [SJIS]: CondComp="metaFrame = -1"
\\adsys-fs4\fsplaza\ＡＰＭ３チーム\■TCCFSV\●クレジット支援サーバ）モジュール管理\支援システム最新版\QYA\QYAV\QYAV_CEnt060\QYAV_CENT060.VBP(19,11)  [SJIS]: CondComp="metaFrame = -1"
\\adsys-fs4\fsplaza\ＡＰＭ３チーム\■TCCFSV\●クレジット支援サーバ）モジュール管理\支援システム最新版\QYA\QYAV\QYAV_CEnt070\QYAV_CENT070.vbp(30,11)  [SJIS]: CondComp="metaFrame = -1"
\\adsys-fs4\fsplaza\ＡＰＭ３チーム\■TCCFSV\●クレジット支援サーバ）モジュール管理\支援システム最新版\QYA\QYAV\QYAV_CEnt110\QYAV_CEnt110.vbp(31,11)  [SJIS]: CondComp="metaFrame = -1"
\\adsys-fs4\fsplaza\ＡＰＭ３チーム\■TCCFSV\●クレジット支援サーバ）モジュール管理\支援システム最新版\QYA\QYAV\QYAV_CEnt120\QYAV_CEnt120.frm(996,5)  [SJIS]: #If metaFrame Then
\\adsys-fs4\fsplaza\ＡＰＭ３チーム\■TCCFSV\●クレジット支援サーバ）モジュール管理\支援システム最新版\QYA\QYAV\QYAV_CEnt120\QYAV_CEnt120.frm(2449,5)  [SJIS]: #If metaFrame Then
\\adsys-fs4\fsplaza\ＡＰＭ３チーム\■TCCFSV\●クレジット支援サーバ）モジュール管理\支援システム最新版\QYA\QYAV\QYAV_CEnt120\Qyav_CENT120.vbp(33,11)  [SJIS]: CondComp="metaFrame = -1"
\\adsys-fs4\fsplaza\ＡＰＭ３チーム\■TCCFSV\●クレジット支援サーバ）モジュール管理\支援システム最新版\QYA\QYAV\QYAV_Common\QYAV_ActX000.bas(22,5)  [SJIS]: #If metaFrame Then
\\adsys-fs4\fsplaza\ＡＰＭ３チーム\■TCCFSV\●クレジット支援サーバ）モジュール管理\支援システム最新版\廃止\業務廃止）QAA\？QAAV\QAAV_ActX010\QAAV_ActX010.cls(17,5)  [SJIS]: #If metaFrame Then
\\adsys-fs4\fsplaza\ＡＰＭ３チーム\■TCCFSV\●クレジット支援サーバ）モジュール管理\支援システム最新版\廃止\業務廃止）QAA\？QAAV\QAAV_ActX010\QAAV_ActX010.cls(219,5)  [SJIS]: #If metaFrame Then
\\adsys-fs4\fsplaza\ＡＰＭ３チーム\■TCCFSV\●クレジット支援サーバ）モジュール管理\支援システム最新版\廃止\業務廃止）QAA\？QAAV\QAAV_ActX010\QAAV_ActX010.vbp(30,11)  [SJIS]: CondComp="metaFrame = -1"
\\adsys-fs4\fsplaza\ＡＰＭ３チーム\■TCCFSV\●クレジット支援サーバ）モジュール管理\支援システム最新版\廃止\業務廃止）QAA\？QAAV\QAAV_ActX010\QAAV_ActX010F.bas(22,5)  [SJIS]: #If metaFrame Then
\\adsys-fs4\fsplaza\ＡＰＭ３チーム\■TCCFSV\●クレジット支援サーバ）モジュール管理\支援システム最新版\廃止\業務廃止）QAA\？QAAV\QAAV_ActX200\QAAV_ActX200.cls(17,5)  [SJIS]: #If metaFrame Then
\\adsys-fs4\fsplaza\ＡＰＭ３チーム\■TCCFSV\●クレジット支援サーバ）モジュール管理\支援システム最新版\廃止\業務廃止）QAA\？QAAV\QAAV_ActX200\QAAV_ActX200.cls(224,5)  [SJIS]: #If metaFrame Then
\\adsys-fs4\fsplaza\ＡＰＭ３チーム\■TCCFSV\●クレジット支援サーバ）モジュール管理\支援システム最新版\廃止\業務廃止）QAA\？QAAV\QAAV_ActX200\QAAV_ActX200.vbp(30,11)  [SJIS]: CondComp="metaFrame = -1"
\\adsys-fs4\fsplaza\ＡＰＭ３チーム\■TCCFSV\●クレジット支援サーバ）モジュール管理\支援システム最新版\廃止\業務廃止）QAA\？QAAV\QAAV_ActX200\QAAV_ActX200F.bas(20,5)  [SJIS]: #If metaFrame Then
\\adsys-fs4\fsplaza\ＡＰＭ３チーム\■TCCFSV\●クレジット支援サーバ）モジュール管理\支援システム最新版\廃止\業務廃止）QAA\？QAAV\QAAV_CEnt020\QAAV_CEnt020.frm(2117,5)  [SJIS]: #If metaFrame Then
\\adsys-fs4\fsplaza\ＡＰＭ３チーム\■TCCFSV\●クレジット支援サーバ）モジュール管理\支援システム最新版\廃止\業務廃止）QAA\？QAAV\QAAV_CEnt020\QAAV_CEnt020.vbp(29,11)  [SJIS]: CondComp="metaFrame = -1"
\\adsys-fs4\fsplaza\ＡＰＭ３チーム\■TCCFSV\●クレジット支援サーバ）モジュール管理\支援システム最新版\廃止\業務廃止）QAA\？QAAV\QAAV_CEnt020\QAAV_CEnt020M.bas(32,5)  [SJIS]: #If metaFrame Then
\\adsys-fs4\fsplaza\ＡＰＭ３チーム\■TCCFSV\●クレジット支援サーバ）モジュール管理\支援システム最新版\廃止\業務廃止）QAA\？QAAV\QAAV_CEnt200\QAAV_CEnt200.frm(1983,5)  [SJIS]: #If metaFrame Then
\\adsys-fs4\fsplaza\ＡＰＭ３チーム\■TCCFSV\●クレジット支援サーバ）モジュール管理\支援システム最新版\廃止\業務廃止）QAA\？QAAV\QAAV_CEnt200\QAAV_CEnt200.frm(2047,5)  [SJIS]: #If metaFrame Then
\\adsys-fs4\fsplaza\ＡＰＭ３チーム\■TCCFSV\●クレジット支援サーバ）モジュール管理\支援システム最新版\廃止\業務廃止）QAA\？QAAV\QAAV_CEnt200\QAAV_CEnt200.vbp(29,11)  [SJIS]: CondComp="metaFrame = -1"
173 個が検索されました。
